0 info it worked if it ends with ok
1 verbose cli [ '/opt/local/bin/node', '/opt/local/bin/npm', 'install' ]
2 info using npm@1.2.14
3 info using node@v0.8.22
4 verbose read json /Users/appacademy/Desktop/w8d1/my_chat_app/package.json
5 warn package.json chat-app@0.0.1 No README.md file found!
6 verbose readDependencies using package.json deps
7 verbose install where, deps [ '/Users/appacademy/Desktop/w8d1/my_chat_app',
7 verbose install   [ 'socket.io', 'mime' ] ]
8 verbose from cache /Users/appacademy/Desktop/w8d1/my_chat_app/package.json
9 info preinstall chat-app@0.0.1
10 verbose from cache /Users/appacademy/Desktop/w8d1/my_chat_app/package.json
11 verbose readDependencies using package.json deps
12 verbose cache add [ 'socket.io@~.0.9.6', null ]
13 verbose cache add name=undefined spec="socket.io@~.0.9.6" args=["socket.io@~.0.9.6",null]
14 verbose parsed url { pathname: 'socket.io@~.0.9.6',
14 verbose parsed url   path: 'socket.io@~.0.9.6',
14 verbose parsed url   href: 'socket.io@~.0.9.6' }
15 verbose cache add name="socket.io" spec="~.0.9.6" args=["socket.io","~.0.9.6"]
16 verbose parsed url { pathname: '~.0.9.6', path: '~.0.9.6', href: '~.0.9.6' }
17 verbose addNamed [ 'socket.io', '~.0.9.6' ]
18 verbose addNamed [ null, null ]
19 verbose cache add [ 'mime@~1.2.7', null ]
20 verbose cache add name=undefined spec="mime@~1.2.7" args=["mime@~1.2.7",null]
21 verbose parsed url { pathname: 'mime@~1.2.7',
21 verbose parsed url   path: 'mime@~1.2.7',
21 verbose parsed url   href: 'mime@~1.2.7' }
22 verbose cache add name="mime" spec="~1.2.7" args=["mime","~1.2.7"]
23 verbose parsed url { pathname: '~1.2.7', path: '~1.2.7', href: '~1.2.7' }
24 verbose addNamed [ 'mime', '~1.2.7' ]
25 verbose addNamed [ null, '>=1.2.7- <1.3.0-' ]
26 silly lockFile 1060c69e-socket-io-0-9-6 socket.io@~.0.9.6
27 verbose lock socket.io@~.0.9.6 /Users/appacademy/.npm/1060c69e-socket-io-0-9-6.lock
28 info addNameTag [ 'socket.io', '~.0.9.6' ]
29 silly lockFile 3725bc70-mime-1-2-7 mime@~1.2.7
30 verbose lock mime@~1.2.7 /Users/appacademy/.npm/3725bc70-mime-1-2-7.lock
31 verbose url raw socket.io
32 verbose url resolving [ 'https://registry.npmjs.org/', './socket.io' ]
33 verbose url resolved https://registry.npmjs.org/socket.io
34 info trying registry request attempt 1 at 11:21:40
35 http GET https://registry.npmjs.org/socket.io
36 silly addNameRange { name: 'mime', range: '>=1.2.7- <1.3.0-', hasData: false }
37 verbose url raw mime
38 verbose url resolving [ 'https://registry.npmjs.org/', './mime' ]
39 verbose url resolved https://registry.npmjs.org/mime
40 info trying registry request attempt 1 at 11:21:40
41 http GET https://registry.npmjs.org/mime
42 http 200 https://registry.npmjs.org/mime
43 silly registry.get cb [ 200,
43 silly registry.get   { date: 'Mon, 13 Jan 2014 19:21:45 GMT',
43 silly registry.get     server: 'CouchDB/1.5.0 (Erlang OTP/R15B03)',
43 silly registry.get     etag: '"E03VVDWESML7YOMJUGP53ON9N"',
43 silly registry.get     'content-type': 'application/json',
43 silly registry.get     'content-length': '26258',
43 silly registry.get     'accept-ranges': 'bytes',
43 silly registry.get     via: '1.1 varnish',
43 silly registry.get     age: '0',
43 silly registry.get     'x-served-by': 'cache-sv63-SJC3',
43 silly registry.get     'x-cache': 'MISS',
43 silly registry.get     'x-cache-hits': '0',
43 silly registry.get     'x-timer': 'S1389640905.118377447,VS0,VE145',
43 silly registry.get     vary: 'Accept',
43 silly registry.get     'keep-alive': 'timeout=10, max=50',
43 silly registry.get     connection: 'Keep-Alive' } ]
44 silly addNameRange number 2 { name: 'mime', range: '>=1.2.7- <1.3.0-', hasData: true }
45 silly addNameRange versions [ 'mime',
45 silly addNameRange   [ '1.0.0',
45 silly addNameRange     '1.1.0',
45 silly addNameRange     '1.2.1',
45 silly addNameRange     '1.2.2',
45 silly addNameRange     '1.2.3',
45 silly addNameRange     '1.2.4',
45 silly addNameRange     '1.2.5',
45 silly addNameRange     '1.2.6',
45 silly addNameRange     '1.2.7',
45 silly addNameRange     '1.2.8',
45 silly addNameRange     '1.2.9',
45 silly addNameRange     '1.2.10',
45 silly addNameRange     '1.2.11' ] ]
46 verbose addNamed [ 'mime', '1.2.11' ]
47 verbose addNamed [ '1.2.11', '1.2.11' ]
48 silly lockFile c4b0741f-mime-1-2-11 mime@1.2.11
49 verbose lock mime@1.2.11 /Users/appacademy/.npm/c4b0741f-mime-1-2-11.lock
50 silly lockFile 98468155-y-npmjs-org-mime-mime-1-2-11-tgz https://registry.npmjs.org/mime/-/mime-1.2.11.tgz
51 verbose lock https://registry.npmjs.org/mime/-/mime-1.2.11.tgz /Users/appacademy/.npm/98468155-y-npmjs-org-mime-mime-1-2-11-tgz.lock
52 verbose addRemoteTarball [ 'https://registry.npmjs.org/mime/-/mime-1.2.11.tgz',
52 verbose addRemoteTarball   '58203eed86e3a5ef17aed2b7d9ebd47f0a60dd10' ]
53 info retry fetch attempt 1 at 11:21:40
54 verbose fetch to= /var/folders/z9/ccm9f83x2kd9_s24pz9q6x700000gn/T/npm-70689/1389640900652-0.5413994647096843/tmp.tgz
55 http GET https://registry.npmjs.org/mime/-/mime-1.2.11.tgz
56 http 200 https://registry.npmjs.org/socket.io
57 silly registry.get cb [ 200,
57 silly registry.get   { date: 'Mon, 13 Jan 2014 19:21:45 GMT',
57 silly registry.get     server: 'CouchDB/1.5.0 (Erlang OTP/R15B03)',
57 silly registry.get     etag: '"73K5PFMMGY7P46I1HG9G0CIZN"',
57 silly registry.get     'content-type': 'application/json',
57 silly registry.get     'content-length': '230483',
57 silly registry.get     'accept-ranges': 'bytes',
57 silly registry.get     via: '1.1 varnish',
57 silly registry.get     age: '55383',
57 silly registry.get     'x-served-by': 'cache-sv61-SJC3',
57 silly registry.get     'x-cache': 'MISS',
57 silly registry.get     'x-cache-hits': '0',
57 silly registry.get     'x-timer': 'S1389640905.115434647,VS0,VE98',
57 silly registry.get     vary: 'Accept',
57 silly registry.get     'keep-alive': 'timeout=10, max=50',
57 silly registry.get     connection: 'Keep-Alive' } ]
58 silly lockFile 1060c69e-socket-io-0-9-6 socket.io@~.0.9.6
59 silly lockFile 1060c69e-socket-io-0-9-6 socket.io@~.0.9.6
60 error Error: No compatible version found: socket.io@'~.0.9.6'
60 error Valid install targets:
60 error ["0.3.8","0.4.0","0.4.1","0.5.1","0.5.3","0.6.0","0.6.1","0.6.3","0.6.4","0.6.5","0.6.6","0.6.7","0.6.8","0.6.9","0.6.10","0.6.11","0.6.12","0.6.14","0.6.15","0.6.16","0.6.17","0.6.18","0.7.0","0.7.1","0.7.2","0.7.3","0.7.4","0.7.5","0.7.6","0.7.7","0.7.8","0.7.9","0.7.10","0.7.11","0.8.0","0.8.1","0.8.2","0.8.3","0.8.4","0.8.5","0.8.6","0.8.7","0.9.0","0.9.1","0.9.1-1","0.9.2","0.9.3","0.9.4","0.9.5","0.9.6","0.9.7","0.9.8","0.9.9","0.9.10","0.9.11","0.9.12","0.9.13","0.9.14","0.9.15","0.9.16"]
60 error     at installTargetsError (/opt/local/lib/node_modules/npm/lib/cache.js:682:10)
60 error     at /opt/local/lib/node_modules/npm/lib/cache.js:597:10
60 error     at saved (/opt/local/lib/node_modules/npm/node_modules/npm-registry-client/lib/get.js:138:7)
60 error     at Object.oncomplete (fs.js:297:15)
61 error If you need help, you may report this log at:
61 error     <http://github.com/isaacs/npm/issues>
61 error or email it to:
61 error     <npm-@googlegroups.com>
62 error System Darwin 12.2.1
63 error command "/opt/local/bin/node" "/opt/local/bin/npm" "install"
64 error cwd /Users/appacademy/Desktop/w8d1/my_chat_app
65 error node -v v0.8.22
66 error npm -v 1.2.14
67 verbose exit [ 1, true ]
